<?xml version="1.0" encoding="UTF-8"?>
<!-- Generated by org.testng.reporters.JUnitXMLReporter -->
<testsuite ignored="1" hostname="DESKTOP-GEN6HL4" failures="0" tests="3" name="Default test" time="0.097" errors="0" timestamp="2023-08-15T20:56:45 IST">
  <testcase classname="Testng.Drivecar" name="first" time="0.01"/>
  <testcase classname="Testng.Drivecar" name="sec" time="0.002"/>
  <testcase classname="Testng.Drivecar" name="fourth" time="0.002"/>
  <testcase classname="Testng.Drivecar" name="third" time="0.0">
    <ignored/>
  </testcase> <!-- third -->
</testsuite> <!-- Default test -->
